<?xml version="1.0" encoding="UTF-8"?>
<testsuite xmlns:xsi="http://www.w3.org/2001/XMLSchema-instance" xsi:noNamespaceSchemaLocation="https://maven.apache.org/surefire/maven-surefire-plugin/xsd/surefire-test-report-3.0.xsd" version="3.0" name="com.FinTech.Payment.Gateway.GatewayApplicationTests" time="4.248" tests="1" errors="0" skipped="0" failures="0">
  <properties>
[...]
</properties>
  <testcase name="contextLoads" classname="com.FinTech.Payment.Gateway.GatewayApplicationTests" time="0.386">
    <system-out><![CDATA[09:46:11.011 [main] INFO org.springframework.test.context.support.AnnotationConfigContextLoaderUtils -- Could not detect default configuration classes for test class [com.FinTech.Payment.Gateway.GatewayApplicationTests]: GatewayApplicationTests does not declare any static, non-private, non-final, nested classes annotated with @Configuration.
09:46:11.080 [main] INFO org.springframework.boot.test.context.SpringBootTestContextBootstrapper -- Found @SpringBootConfiguration com.FinTech.Payment.Gateway.GatewayApplication for test class com.FinTech.Payment.Gateway.GatewayApplicationTests
09:46:11.186 [main] INFO org.springframework.boot.devtools.restart.RestartApplicationListener -- Restart disabled due to context in which it is running

  .   ____          _            __ _ _
 /\\ / ___'_ __ _ _(_)_ __  __ _ \ \ \ \
( ( )\___ | '_ | '_| | '_ \/ _` | \ \ \ \
 \\/  ___)| |_)| | | | | || (_| |  ) ) ) )
  '  |____| .__|_| |_|_| |_\__, | / / / /
 =========|_|==============|___/=/_/_/_/
 :: Spring Boot ::                (v3.2.6)

2024-06-12T09:46:11.457+02:00  INFO 39735 --- [Gateway] [           main] c.F.P.Gateway.GatewayApplicationTests    : Starting GatewayApplicationTests using Java 22.0.1 with PID 39735 (started by siphumelelenkosi in /Users/siphumelelenkosi/Desktop/PaymentGateway/PaymentGateway)
2024-06-12T09:46:11.458+02:00  INFO 39735 --- [Gateway] [           main] c.F.P.Gateway.GatewayApplicationTests    : The following 1 profile is active: "local"
2024-06-12T09:46:12.070+02:00  INFO 39735 --- [Gateway] [           main] .s.d.r.c.RepositoryConfigurationDelegate : Bootstrapping Spring Data JPA repositories in DEFAULT mode.
2024-06-12T09:46:12.105+02:00  INFO 39735 --- [Gateway] [           main] .s.d.r.c.RepositoryConfigurationDelegate : Finished Spring Data repository scanning in 29 ms. Found 4 JPA repository interfaces.
2024-06-12T09:46:12.324+02:00  WARN 39735 --- [Gateway] [           main] trationDelegate$BeanPostProcessorChecker : Bean 'org.springframework.ws.config.annotation.DelegatingWsConfiguration' of type [org.springframework.ws.config.annotation.DelegatingWsConfiguration$$SpringCGLIB$$0] is not eligible for getting processed by all BeanPostProcessors (for example: not eligible for auto-proxying). The currently created BeanPostProcessor [annotationActionEndpointMapping] is declared through a non-static factory method on that class; consider declaring it as static instead.
2024-06-12T09:46:12.344+02:00  INFO 39735 --- [Gateway] [           main] .w.s.a.s.AnnotationActionEndpointMapping : Supporting [WS-Addressing August 2004, WS-Addressing 1.0]
2024-06-12T09:46:12.619+02:00  INFO 39735 --- [Gateway] [           main] o.hibernate.jpa.internal.util.LogHelper  : HHH000204: Processing PersistenceUnitInfo [name: default]
2024-06-12T09:46:12.675+02:00  INFO 39735 --- [Gateway] [           main] org.hibernate.Version                    : HHH000412: Hibernate ORM core version 6.4.8.Final
2024-06-12T09:46:12.699+02:00  INFO 39735 --- [Gateway] [           main] o.h.c.internal.RegionFactoryInitiator    : HHH000026: Second-level cache disabled
2024-06-12T09:46:12.860+02:00  INFO 39735 --- [Gateway] [           main] o.s.o.j.p.SpringPersistenceUnitInfo      : No LoadTimeWeaver setup: ignoring JPA class transformer
2024-06-12T09:46:12.879+02:00  INFO 39735 --- [Gateway] [           main] com.zaxxer.hikari.HikariDataSource       : HikariPool-1 - Starting...
2024-06-12T09:46:12.994+02:00  INFO 39735 --- [Gateway] [           main] com.zaxxer.hikari.pool.HikariPool        : HikariPool-1 - Added connection conn0: url=jdbc:h2:mem:testdb user=SA
2024-06-12T09:46:12.995+02:00  INFO 39735 --- [Gateway] [           main] com.zaxxer.hikari.HikariDataSource       : HikariPool-1 - Start completed.
2024-06-12T09:46:13.009+02:00  WARN 39735 --- [Gateway] [           main] org.hibernate.dialect.Dialect            : HHH000511: The 1.4.200 version for [org.hibernate.dialect.H2Dialect] is no longer supported, hence certain features may not work properly. The minimum supported version is 2.1.214. Check the community dialects project for available legacy versions.
2024-06-12T09:46:13.014+02:00  WARN 39735 --- [Gateway] [           main] org.hibernate.orm.deprecation            : HHH90000025: H2Dialect does not need to be specified explicitly using 'hibernate.dialect' (remove the property setting and it will be selected by default)
2024-06-12T09:46:13.593+02:00  INFO 39735 --- [Gateway] [           main] o.h.e.t.j.p.i.JtaPlatformInitiator       : HHH000489: No JTA platform available (set 'hibernate.transaction.jta.platform' to enable JTA platform integration)
Hibernate: create table bill_participant (id uuid not null, amount_owed float(53) not null, bill_id uuid, created_at timestamp(6), is_paid boolean not null, updated_at timestamp(6), user_id uuid, primary key (id))
Hibernate: create table bills (id uuid not null, created_at timestamp(6), creator_id uuid, description varchar(255), total_amount float(53) not null, updated_at timestamp(6), primary key (id))
Hibernate: create table transaction (id uuid not null, amount float(53) not null, bill_id uuid, created_at timestamp(6), payee_id uuid, payer_id uuid, transaction_date timestamp(6), updated_at timestamp(6), primary key (id))
Hibernate: create table user (id uuid not null, created_at timestamp(6), email varchar(255), password_hash varchar(255), updated_at timestamp(6), username varchar(255), primary key (id))
2024-06-12T09:46:13.664+02:00  INFO 39735 --- [Gateway] [           main] j.LocalContainerEntityManagerFactoryBean : Initialized JPA EntityManagerFactory for persistence unit 'default'
2024-06-12T09:46:14.070+02:00  WARN 39735 --- [Gateway] [           main] JpaBaseConfiguration$JpaWebConfiguration : spring.jpa.open-in-view is enabled by default. Therefore, database queries may be performed during view rendering. Explicitly configure spring.jpa.open-in-view to disable this warning
2024-06-12T09:46:14.609+02:00  INFO 39735 --- [Gateway] [           main] o.s.b.a.e.web.EndpointLinksResolver      : Exposing 1 endpoint(s) beneath base path '/actuator'
2024-06-12T09:46:14.669+02:00  INFO 39735 --- [Gateway] [           main] c.F.P.Gateway.GatewayApplicationTests    : Started GatewayApplicationTests in 3.494 seconds (process running for 4.137)
]]></system-out>
    <system-err><![CDATA[WARNING: A Java agent has been loaded dynamically (/Users/siphumelelenkosi/.m2/repository/net/bytebuddy/byte-buddy-agent/1.14.16/byte-buddy-agent-1.14.16.jar)
WARNING: If a serviceability tool is in use, please run with -XX:+EnableDynamicAgentLoading to hide this warning
WARNING: If a serviceability tool is not in use, please run with -Djdk.instrument.traceUsage for more information
WARNING: Dynamic loading of agents will be disallowed by default in a future release
]]></system-err>
  </testcase>
</testsuite>